Step: build-step-credential-initializer:

{"level":"warn","ts":1549282959.2313335,"logger":"fallback-logger","caller":"logging/config.go:65","msg":"Fetch GitHub commit ID from kodata failed: \"ref: refs/heads/test\" is not a valid GitHub commit ID"}
{"level":"info","ts":1549282959.2320175,"logger":"fallback-logger","caller":"creds-init/main.go:40","msg":"Credentials initialized."}
Step: build-step-git-source-source:

{"level":"warn","ts":1549282961.6248937,"logger":"fallback-logger","caller":"logging/config.go:65","msg":"Fetch GitHub commit ID from kodata failed: \"ref: refs/heads/test\" is not a valid GitHub commit ID"}
{"level":"info","ts":1549282962.9028897,"logger":"fallback-logger","caller":"git-init/main.go:92","msg":"Successfully cloned \"https://github.com/jstrachan/mynodething\" @ \"master\" in path \"/workspace/source\""}
Step: build-step-place-tools:

Step: build-step-setup-step2:

Generated Git credentials file /home/jenkins/git/credentials
Step: build-step-setversion-next-version:

Step: build-step-setversion-tag-version:

Tag v1.1.5 created and pushed to remote origin
Step: build-step-build-npm-install:

npm notice created a lockfile as package-lock.json. You should commit this file.
npm WARN REPLACE_ME@1.0.0 No repository field.
npm WARN REPLACE_ME@1.0.0 No license field.

up to date in 0.944s
found 0 vulnerabilities

Step: build-step-build-npm-test:


> REPLACE_ME@1.0.0 test /workspace/source
> echo "no test specified" && exit 0

no test specified
Step: build-step-build-container-build:

time="2019-02-04T12:24:33Z" level=warning msg="config version (skaffold/v1beta2) out of date: upgrading to latest (skaffold/v1beta3)"
Starting build...
Building [changeme]...
Sending build context to Docker daemon  194.6kB
Step 1/6 : FROM node:9-slim
9-slim: Pulling from library/node
5bba3ecb4cd6: Pulling fs layer
196b8e3c919d: Pulling fs layer
7d083412657b: Pulling fs layer
a88538b9cd05: Pulling fs layer
e01bd28a434b: Pulling fs layer
a88538b9cd05: Waiting
e01bd28a434b: Waiting
7d083412657b: Verifying Checksum
7d083412657b: Download complete
196b8e3c919d: Verifying Checksum
196b8e3c919d: Download complete
5bba3ecb4cd6: Verifying Checksum
5bba3ecb4cd6: Download complete
e01bd28a434b: Verifying Checksum
e01bd28a434b: Download complete
a88538b9cd05: Verifying Checksum
a88538b9cd05: Download complete
5bba3ecb4cd6: Pull complete
196b8e3c919d: Pull complete
7d083412657b: Pull complete
a88538b9cd05: Pull complete
e01bd28a434b: Pull complete
Digest: sha256:288b29c1925d65b2d7d8701f8ada201e7dcd066438c0fb4299c35dff129b893f
Status: Downloaded newer image for node:9-slim
 ---> e20bb4abe4ee
Step 2/6 : ENV PORT 8080
 ---> Running in 1a5f5617d1f7
 ---> 7acd76cdef34
Step 3/6 : EXPOSE 8080
 ---> Running in 3a1af643b6a5
 ---> 6552d1a6a16b
Step 4/6 : WORKDIR /usr/src/app
 ---> 84a4ede3bbba
Step 5/6 : COPY . .
 ---> 06a40ba287f8
Step 6/6 : CMD npm start
 ---> Running in a17851aaceed
 ---> 202806ad3d8c
Successfully built 202806ad3d8c
The push refers to a repository [10.59.240.38:5000/jstrachan/mynodething]
c0e4c500520d: Preparing
db2979c8052c: Preparing
e16c226cf2a8: Preparing
7fd597d009e4: Preparing
7c6ab5fb7059: Preparing
ed271eac23e9: Preparing
156ff16f37e4: Preparing
ed271eac23e9: Waiting
156ff16f37e4: Waiting
7fd597d009e4: Layer already exists
ed271eac23e9: Pushed
7c6ab5fb7059: Pushed
156ff16f37e4: Layer already exists
c0e4c500520d: Pushed
db2979c8052c: Pushed
e16c226cf2a8: Pushed
1.1.5: digest: sha256:381ad564aacd13f1ca6bf70d520e5a173e148f008baa4e0bae7ccda7dd37948c size: 1786
Build complete in 13.790059669s
Starting test...
Test complete in 3.441µs
changeme -> 10.59.240.38:5000/jstrachan/mynodething:1.1.5
There is a new version (0.22.0) of skaffold available. Download it at https://storage.googleapis.com/skaffold/releases/latest/skaffold-linux-amd64

Step: build-step-build-post-build:

no CVE provider running in the current jx namespace so skip adding image to be analysed
Step: build-step-promote-changelog:

Converted /workspace/source/charts/mynodething to an unshallow repository
Generating change log from git ref v1.0.0 => a7d20191018be82a649774d445f32245f23e8955
Failed to enrich commits with issues: User.jenkins.io "" is invalid: metadata.name: Required value: name or generateName is required
Failed to enrich commits with issues: User.jenkins.io "" is invalid: metadata.name: Required value: name or generateName is required
Finding issues in commit messages using git format
No release found for jstrachan/mynodething and tag v1.1.5 so creating a new release
Updated the release information at https://github.com/jstrachan/mynodething/releases/tag/v1.1.5
generated: /workspace/source/charts/mynodething/templates/release.yaml
Created Release mynodething-1-1-5 resource in namespace jx
Updating PipelineActivity jstrachan-mynodething-master-10 with version 1.1.5
Updated PipelineActivities jstrachan-mynodething-master-10 with release notes URL: https://github.com/jstrachan/mynodething/releases/tag/v1.1.5
Step: build-step-promote-helm-release:

No $CHART_REPOSITORY defined so using the default value of: http://jenkins-x-chartmuseum:8080
Adding missing Helm repo: jenkins-x http://chartmuseum.jenkins-x.io
Successfully added Helm repository jenkins-x.
Adding missing Helm repo: releases http://jenkins-x-chartmuseum:8080
Successfully added Helm repository releases.
No $CHART_REPOSITORY defined so using the default value of: http://jenkins-x-chartmuseum:8080
Uploading chart file mynodething-1.1.5.tgz to http://jenkins-x-chartmuseum:8080/api/charts
Received 201 response: {"saved":true}
Step: build-step-promote-jx-promote:

prow based install so skip waiting for the merge of Pull Requests to go green as currently there is an issue with gettingstatuses from the PR, see https://github.com/jenkins-x/jx/issues/2410
Promoting app mynodething version 1.1.5 to namespace jx-staging
Created Pull Request: https://github.com/jstrachan/environment-bdd-prow-gke-42-staging/pull/4

Pull Request https://github.com/jstrachan/environment-bdd-prow-gke-42-staging/pull/4 is merged at sha 5f8b27bac82ed03975d9c50518021431ad00d5e0
Pull Request merged but we are not waiting for the update pipeline to complete!
Could not find the service URL in namespace jx-staging for names mynodething, jx-mynodething, jx-staging-mynodething
