Step: build-step-credential-initializer:

{"level":"warn","ts":1549285288.206604,"logger":"fallback-logger","caller":"logging/config.go:65","msg":"Fetch GitHub commit ID from kodata failed: \"ref: refs/heads/test\" is not a valid GitHub commit ID"}
{"level":"info","ts":1549285288.2087724,"logger":"fallback-logger","caller":"creds-init/main.go:40","msg":"Credentials initialized."}
Step: build-step-git-source-source:

{"level":"warn","ts":1549285289.1680002,"logger":"fallback-logger","caller":"logging/config.go:65","msg":"Fetch GitHub commit ID from kodata failed: \"ref: refs/heads/test\" is not a valid GitHub commit ID"}
{"level":"info","ts":1549285290.3632188,"logger":"fallback-logger","caller":"git-init/main.go:92","msg":"Successfully cloned \"https://github.com/jstrachan/mynodething\" @ \"master\" in path \"/workspace/source\""}
Step: build-step-place-tools:

Step: build-step-setup-step2:

Generated Git credentials file /home/jenkins/git/credentials
Step: build-step-setversion-next-version:

Step: build-step-setversion-tag-version:

Tag v1.1.6 created and pushed to remote origin
Step: build-step-build-npm-install:

npm notice created a lockfile as package-lock.json. You should commit this file.
npm WARN REPLACE_ME@1.0.0 No repository field.
npm WARN REPLACE_ME@1.0.0 No license field.

up to date in 0.545s
found 0 vulnerabilities

Step: build-step-build-npm-test:


> REPLACE_ME@1.0.0 test /workspace/source
> echo "no test specified" && exit 0

no test specified
Step: build-step-build-container-build:

time="2019-02-04T13:01:43Z" level=warning msg="config version (skaffold/v1beta2) out of date: upgrading to latest (skaffold/v1beta3)"
Starting build...
Building [changeme]...
Sending build context to Docker daemon  198.1kB
Step 1/6 : FROM node:9-slim
 ---> e20bb4abe4ee
Step 2/6 : ENV PORT 8080
 ---> Using cache
 ---> 7acd76cdef34
Step 3/6 : EXPOSE 8080
 ---> Using cache
 ---> 6552d1a6a16b
Step 4/6 : WORKDIR /usr/src/app
 ---> Using cache
 ---> 84a4ede3bbba
Step 5/6 : COPY . .
 ---> 9384c8e6eab4
Step 6/6 : CMD npm start
 ---> Running in 7ed9e1ff1b44
 ---> 81fa8a2b632f
Successfully built 81fa8a2b632f
The push refers to a repository [10.59.240.38:5000/jstrachan/mynodething]
9ec942e46b10: Preparing
db2979c8052c: Preparing
e16c226cf2a8: Preparing
7fd597d009e4: Preparing
7c6ab5fb7059: Preparing
ed271eac23e9: Preparing
156ff16f37e4: Preparing
ed271eac23e9: Waiting
156ff16f37e4: Waiting
7fd597d009e4: Layer already exists
e16c226cf2a8: Layer already exists
ed271eac23e9: Layer already exists
7c6ab5fb7059: Layer already exists
156ff16f37e4: Layer already exists
db2979c8052c: Layer already exists
9ec942e46b10: Pushed
1.1.6: digest: sha256:6774ddf5d3ad3981f22fa4c060128f3ea5323e0e8fe7f51d7a8ffdca8ef588d8 size: 1786
Build complete in 854.234453ms
Starting test...
Test complete in 4.465µs
changeme -> 10.59.240.38:5000/jstrachan/mynodething:1.1.6
There is a new version (0.22.0) of skaffold available. Download it at https://storage.googleapis.com/skaffold/releases/latest/skaffold-linux-amd64

Step: build-step-build-post-build:

no CVE provider running in the current jx namespace so skip adding image to be analysed
Step: build-step-promote-changelog:

Converted /workspace/source/charts/mynodething to an unshallow repository
Generating change log from git ref v1.0.0 => c6a330bad79da3a79baad48e3f4d2fb194a8f271
Failed to enrich commits with issues: User.jenkins.io "" is invalid: metadata.name: Required value: name or generateName is required
Failed to enrich commits with issues: User.jenkins.io "" is invalid: metadata.name: Required value: name or generateName is required
Finding issues in commit messages using git format
No release found for jstrachan/mynodething and tag v1.1.6 so creating a new release
Updated the release information at https://github.com/jstrachan/mynodething/releases/tag/v1.1.6
generated: /workspace/source/charts/mynodething/templates/release.yaml
Created Release mynodething-1-1-6 resource in namespace jx
Updating PipelineActivity jstrachan-mynodething-master-11 with version 1.1.6
Updated PipelineActivities jstrachan-mynodething-master-11 with release notes URL: https://github.com/jstrachan/mynodething/releases/tag/v1.1.6
Step: build-step-promote-helm-release:

No $CHART_REPOSITORY defined so using the default value of: http://jenkins-x-chartmuseum:8080
Adding missing Helm repo: jenkins-x http://chartmuseum.jenkins-x.io
Successfully added Helm repository jenkins-x.
Adding missing Helm repo: releases http://jenkins-x-chartmuseum:8080
Successfully added Helm repository releases.
No $CHART_REPOSITORY defined so using the default value of: http://jenkins-x-chartmuseum:8080
Uploading chart file mynodething-1.1.6.tgz to http://jenkins-x-chartmuseum:8080/api/charts
Received 201 response: {"saved":true}
Step: build-step-promote-jx-promote:

prow based install so skip waiting for the merge of Pull Requests to go green as currently there is an issue with gettingstatuses from the PR, see https://github.com/jenkins-x/jx/issues/2410
Promoting app mynodething version 1.1.6 to namespace jx-staging
Created Pull Request: https://github.com/jstrachan/environment-bdd-prow-gke-42-staging/pull/5

Pull Request https://github.com/jstrachan/environment-bdd-prow-gke-42-staging/pull/5 is merged at sha 27abad54d65312951243e800f844c94e41103d3c
Pull Request merged but we are not waiting for the update pipeline to complete!
Could not find the service URL in namespace jx-staging for names mynodething, jx-mynodething, jx-staging-mynodething
