Step: build-step-credential-initializer:

{"level":"warn","ts":1549291753.3078184,"logger":"fallback-logger","caller":"logging/config.go:65","msg":"Fetch GitHub commit ID from kodata failed: \"ref: refs/heads/test\" is not a valid GitHub commit ID"}
{"level":"info","ts":1549291753.308301,"logger":"fallback-logger","caller":"creds-init/main.go:40","msg":"Credentials initialized."}
Step: build-step-git-source-source:

{"level":"warn","ts":1549291754.6077762,"logger":"fallback-logger","caller":"logging/config.go:65","msg":"Fetch GitHub commit ID from kodata failed: \"ref: refs/heads/test\" is not a valid GitHub commit ID"}
{"level":"info","ts":1549291755.7946012,"logger":"fallback-logger","caller":"git-init/main.go:92","msg":"Successfully cloned \"https://github.com/jstrachan/mynodething\" @ \"master\" in path \"/workspace/source\""}
Step: build-step-place-tools:

Step: build-step-setup-jx-git-credentials:

Generated Git credentials file /home/jenkins/git/credentials
Step: build-step-setversion-next-version:

Step: build-step-setversion-tag-version:

Tag v1.1.11 created and pushed to remote origin
Step: build-step-build-npm-install:

npm notice created a lockfile as package-lock.json. You should commit this file.
npm WARN REPLACE_ME@1.0.0 No repository field.
npm WARN REPLACE_ME@1.0.0 No license field.

up to date in 0.62s
found 0 vulnerabilities

Step: build-step-build-npm-test:


> REPLACE_ME@1.0.0 test /workspace/source
> echo "no test specified" && exit 0

no test specified
Step: build-step-build-container-build:

time="2019-02-04T14:49:29Z" level=warning msg="config version (skaffold/v1beta2) out of date: upgrading to latest (skaffold/v1beta3)"
Starting build...
Building [changeme]...
Sending build context to Docker daemon  210.4kB
Step 1/6 : FROM node:9-slim
 ---> e20bb4abe4ee
Step 2/6 : ENV PORT 8080
 ---> Using cache
 ---> 130c43124e2d
Step 3/6 : EXPOSE 8080
 ---> Using cache
 ---> 6bbc8d15480e
Step 4/6 : WORKDIR /usr/src/app
 ---> Using cache
 ---> 82ab3db625b1
Step 5/6 : COPY . .
 ---> cd924b2cf81b
Step 6/6 : CMD npm start
 ---> Running in 51c394a80e5e
 ---> 6559d2c88fcd
Successfully built 6559d2c88fcd
The push refers to a repository [10.59.240.38:5000/jstrachan/mynodething]
bc88127230be: Preparing
9c6d61c18be1: Preparing
e16c226cf2a8: Preparing
7fd597d009e4: Preparing
7c6ab5fb7059: Preparing
ed271eac23e9: Preparing
156ff16f37e4: Preparing
ed271eac23e9: Waiting
156ff16f37e4: Waiting
7c6ab5fb7059: Layer already exists
7fd597d009e4: Layer already exists
e16c226cf2a8: Layer already exists
9c6d61c18be1: Layer already exists
ed271eac23e9: Layer already exists
156ff16f37e4: Layer already exists
bc88127230be: Pushed
1.1.11: digest: sha256:d59b10acb18c215f28aede53946e533aaa807721f65cc262d6470f26f32a09cf size: 1786
Build complete in 773.363937ms
Starting test...
Test complete in 16.114µs
changeme -> 10.59.240.38:5000/jstrachan/mynodething:1.1.11
There is a new version (0.22.0) of skaffold available. Download it at https://storage.googleapis.com/skaffold/releases/latest/skaffold-linux-amd64

Step: build-step-build-post-build:

no CVE provider running in the current jx namespace so skip adding image to be analysed
Step: build-step-promote-changelog:

Converted /workspace/source/charts/mynodething to an unshallow repository
Generating change log from git ref v1.0.0 => 4f39e8870aec12fce4caf40f78401d3e5f6cdfc4
Failed to enrich commits with issues: User.jenkins.io "" is invalid: metadata.name: Required value: name or generateName is required
Failed to enrich commits with issues: User.jenkins.io "" is invalid: metadata.name: Required value: name or generateName is required
Finding issues in commit messages using git format
No release found for jstrachan/mynodething and tag v1.1.11 so creating a new release
Updated the release information at https://github.com/jstrachan/mynodething/releases/tag/v1.1.11
generated: /workspace/source/charts/mynodething/templates/release.yaml
Created Release mynodething-1-1-11 resource in namespace jx
Updating PipelineActivity jstrachan-mynodething-master-16 with version 1.1.11
Updated PipelineActivities jstrachan-mynodething-master-16 with release notes URL: https://github.com/jstrachan/mynodething/releases/tag/v1.1.11
Step: build-step-promote-helm-release:

No $CHART_REPOSITORY defined so using the default value of: http://jenkins-x-chartmuseum:8080
Adding missing Helm repo: releases http://jenkins-x-chartmuseum:8080
Successfully added Helm repository releases.
Adding missing Helm repo: jenkins-x http://chartmuseum.jenkins-x.io
Successfully added Helm repository jenkins-x.
No $CHART_REPOSITORY defined so using the default value of: http://jenkins-x-chartmuseum:8080
Uploading chart file mynodething-1.1.11.tgz to http://jenkins-x-chartmuseum:8080/api/charts
Received 201 response: {"saved":true}
Step: build-step-promote-jx-promote:

prow based install so skip waiting for the merge of Pull Requests to go green as currently there is an issue with gettingstatuses from the PR, see https://github.com/jenkins-x/jx/issues/2410
Promoting app mynodething version 1.1.11 to namespace jx-staging
Created Pull Request: https://github.com/jstrachan/environment-bdd-prow-gke-42-staging/pull/10

Pull Request https://github.com/jstrachan/environment-bdd-prow-gke-42-staging/pull/10 is merged at sha 33bf23c10917ebb70edc65b79f6c9f46aca2aec7
Pull Request merged but we are not waiting for the update pipeline to complete!
Could not find the service URL in namespace jx-staging for names mynodething, jx-mynodething, jx-staging-mynodething
