Step: build-step-credential-initializer:

{"level":"warn","ts":1549292508.3803833,"logger":"fallback-logger","caller":"logging/config.go:65","msg":"Fetch GitHub commit ID from kodata failed: \"ref: refs/heads/test\" is not a valid GitHub commit ID"}
{"level":"info","ts":1549292508.381125,"logger":"fallback-logger","caller":"creds-init/main.go:40","msg":"Credentials initialized."}
Step: build-step-git-source-source:

{"level":"warn","ts":1549292509.1774988,"logger":"fallback-logger","caller":"logging/config.go:65","msg":"Fetch GitHub commit ID from kodata failed: \"ref: refs/heads/test\" is not a valid GitHub commit ID"}
{"level":"info","ts":1549292510.3519907,"logger":"fallback-logger","caller":"git-init/main.go:92","msg":"Successfully cloned \"https://github.com/jstrachan/mynodething\" @ \"master\" in path \"/workspace/source\""}
Step: build-step-place-tools:

Step: build-step-setup-jx-git-credentials:

Generated Git credentials file /home/jenkins/git/credentials
Step: build-step-setversion-next-version:

Step: build-step-setversion-tag-version:

Tag v1.1.14 created and pushed to remote origin
Step: build-step-build-npm-install:

npm notice created a lockfile as package-lock.json. You should commit this file.
npm WARN REPLACE_ME@1.0.0 No repository field.
npm WARN REPLACE_ME@1.0.0 No license field.

up to date in 1.062s
found 0 vulnerabilities

Step: build-step-build-npm-test:


> REPLACE_ME@1.0.0 test /workspace/source
> echo "no test specified" && exit 0

no test specified
Step: build-step-build-container-build:

time="2019-02-04T15:02:04Z" level=warning msg="config version (skaffold/v1beta2) out of date: upgrading to latest (skaffold/v1beta3)"
Starting build...
Building [changeme]...
Sending build context to Docker daemon  218.6kB
Step 1/6 : FROM node:9-slim
 ---> e20bb4abe4ee
Step 2/6 : ENV PORT 8080
 ---> Using cache
 ---> 130c43124e2d
Step 3/6 : EXPOSE 8080
 ---> Using cache
 ---> 6bbc8d15480e
Step 4/6 : WORKDIR /usr/src/app
 ---> Using cache
 ---> 82ab3db625b1
Step 5/6 : COPY . .
 ---> 3fc8649ad522
Step 6/6 : CMD npm start
 ---> Running in 182cc60a94a3
 ---> aa18a1924a60
Successfully built aa18a1924a60
The push refers to a repository [10.59.240.38:5000/jstrachan/mynodething]
fc6557d35ce6: Preparing
9c6d61c18be1: Preparing
e16c226cf2a8: Preparing
7fd597d009e4: Preparing
7c6ab5fb7059: Preparing
ed271eac23e9: Preparing
156ff16f37e4: Preparing
ed271eac23e9: Waiting
156ff16f37e4: Waiting
9c6d61c18be1: Layer already exists
ed271eac23e9: Layer already exists
7c6ab5fb7059: Layer already exists
e16c226cf2a8: Layer already exists
156ff16f37e4: Layer already exists
7fd597d009e4: Layer already exists
fc6557d35ce6: Pushed
1.1.14: digest: sha256:ea4b86149946106a416245c8f1c1cef03fcbf72a875c771e9287d0a38cada774 size: 1786
Build complete in 880.861442ms
Starting test...
Test complete in 4.556µs
changeme -> 10.59.240.38:5000/jstrachan/mynodething:1.1.14
There is a new version (0.22.0) of skaffold available. Download it at https://storage.googleapis.com/skaffold/releases/latest/skaffold-linux-amd64

Step: build-step-build-post-build:

no CVE provider running in the current jx namespace so skip adding image to be analysed
Step: build-step-promote-changelog:

Converted /workspace/source/charts/mynodething to an unshallow repository
Generating change log from git ref v1.0.0 => c038816528c7ba16dbad0ae9e125d704ae56ff79
Failed to enrich commits with issues: User.jenkins.io "" is invalid: metadata.name: Required value: name or generateName is required
Failed to enrich commits with issues: User.jenkins.io "" is invalid: metadata.name: Required value: name or generateName is required
Finding issues in commit messages using git format
No release found for jstrachan/mynodething and tag v1.1.14 so creating a new release
Updated the release information at https://github.com/jstrachan/mynodething/releases/tag/v1.1.14
generated: /workspace/source/charts/mynodething/templates/release.yaml
Created Release mynodething-1-1-14 resource in namespace jx
Updating PipelineActivity jstrachan-mynodething-master-19 with version 1.1.14
Updated PipelineActivities jstrachan-mynodething-master-19 with release notes URL: https://github.com/jstrachan/mynodething/releases/tag/v1.1.14
Step: build-step-promote-helm-release:

No $CHART_REPOSITORY defined so using the default value of: http://jenkins-x-chartmuseum:8080
Adding missing Helm repo: jenkins-x http://chartmuseum.jenkins-x.io
Successfully added Helm repository jenkins-x.
Adding missing Helm repo: releases http://jenkins-x-chartmuseum:8080
Successfully added Helm repository releases.
No $CHART_REPOSITORY defined so using the default value of: http://jenkins-x-chartmuseum:8080
Uploading chart file mynodething-1.1.14.tgz to http://jenkins-x-chartmuseum:8080/api/charts
Received 201 response: {"saved":true}
Step: build-step-promote-jx-promote:

prow based install so skip waiting for the merge of Pull Requests to go green as currently there is an issue with gettingstatuses from the PR, see https://github.com/jenkins-x/jx/issues/2410
Promoting app mynodething version 1.1.14 to namespace jx-staging
Created Pull Request: https://github.com/jstrachan/environment-bdd-prow-gke-42-staging/pull/13

Failed to merge the Pull Request https://github.com/jstrachan/environment-bdd-prow-gke-42-staging/pull/13 due to PUT https://api.github.com/repos/jstrachan/environment-bdd-prow-gke-42-staging/pulls/13/merge: 405 Base branch was modified. Review and try the merge again. [] maybe I don't have karma?
Pull Request https://github.com/jstrachan/environment-bdd-prow-gke-42-staging/pull/13 is merged at sha 137740d39f34b380bff57f46629b5bddccb8e086
Pull Request merged but we are not waiting for the update pipeline to complete!
Could not find the service URL in namespace jx-staging for names mynodething, jx-mynodething, jx-staging-mynodething
