Step: build-step-credential-initializer:

{"level":"warn","ts":1549276606.728204,"logger":"fallback-logger","caller":"logging/config.go:65","msg":"Fetch GitHub commit ID from kodata failed: \"ref: refs/heads/test\" is not a valid GitHub commit ID"}
{"level":"info","ts":1549276606.728647,"logger":"fallback-logger","caller":"creds-init/main.go:40","msg":"Credentials initialized."}
Step: build-step-git-source-source:

{"level":"warn","ts":1549276607.91904,"logger":"fallback-logger","caller":"logging/config.go:65","msg":"Fetch GitHub commit ID from kodata failed: \"ref: refs/heads/test\" is not a valid GitHub commit ID"}
{"level":"info","ts":1549276609.1199524,"logger":"fallback-logger","caller":"git-init/main.go:92","msg":"Successfully cloned \"https://github.com/jstrachan/mynodething\" @ \"master\" in path \"/workspace/source\""}
Step: build-step-place-tools:

Step: build-step-step2:

Generated Git credentials file /home/jenkins/git/credentials
Step: build-step-step3:

Step: build-step-step4:

Tag v1.1.3 created and pushed to remote origin
Step: build-step-step5:

npm notice created a lockfile as package-lock.json. You should commit this file.
npm WARN REPLACE_ME@1.0.0 No repository field.
npm WARN REPLACE_ME@1.0.0 No license field.

up to date in 0.59s
found 0 vulnerabilities

Step: build-step-step6:


> REPLACE_ME@1.0.0 test /workspace/source
> echo "no test specified" && exit 0

no test specified
Step: build-step-step7:

time="2019-02-04T10:37:02Z" level=warning msg="config version (skaffold/v1beta2) out of date: upgrading to latest (skaffold/v1beta3)"
Starting build...
Building [changeme]...
Sending build context to Docker daemon    190kB
Step 1/6 : FROM node:9-slim
 ---> e20bb4abe4ee
Step 2/6 : ENV PORT 8080
 ---> Using cache
 ---> 130c43124e2d
Step 3/6 : EXPOSE 8080
 ---> Using cache
 ---> 6bbc8d15480e
Step 4/6 : WORKDIR /usr/src/app
 ---> Using cache
 ---> 82ab3db625b1
Step 5/6 : COPY . .
 ---> 298398759dbe
Step 6/6 : CMD npm start
 ---> Running in f99570c4f526
 ---> d2026833b3a3
Successfully built d2026833b3a3
The push refers to a repository [10.59.240.38:5000/jstrachan/mynodething]
a494f011664c: Preparing
9c6d61c18be1: Preparing
e16c226cf2a8: Preparing
7fd597d009e4: Preparing
7c6ab5fb7059: Preparing
ed271eac23e9: Preparing
156ff16f37e4: Preparing
ed271eac23e9: Waiting
156ff16f37e4: Waiting
e16c226cf2a8: Layer already exists
7c6ab5fb7059: Layer already exists
7fd597d009e4: Layer already exists
156ff16f37e4: Layer already exists
9c6d61c18be1: Layer already exists
ed271eac23e9: Layer already exists
a494f011664c: Pushed
1.1.3: digest: sha256:ec4e611b2dffcbdaa5f67ad8d0ff574a29bf9ffe324849eaacba7a90e035a154 size: 1786
Build complete in 812.933884ms
Starting test...
Test complete in 4.78µs
changeme -> 10.59.240.38:5000/jstrachan/mynodething:1.1.3
There is a new version (0.22.0) of skaffold available. Download it at https://storage.googleapis.com/skaffold/releases/latest/skaffold-linux-amd64

Step: build-step-step8:

no CVE provider running in the current jx namespace so skip adding image to be analysed
Step: build-step-step9:

Converted /workspace/source/charts/mynodething to an unshallow repository
Generating change log from git ref v1.0.0 => 3b30288367e496516cdbd3052700fea02acaf264
Failed to enrich commits with issues: User.jenkins.io "" is invalid: metadata.name: Required value: name or generateName is required
Failed to enrich commits with issues: User.jenkins.io "" is invalid: metadata.name: Required value: name or generateName is required
Finding issues in commit messages using git format
No release found for jstrachan/mynodething and tag v1.1.3 so creating a new release
Updated the release information at https://github.com/jstrachan/mynodething/releases/tag/v1.1.3
generated: /workspace/source/charts/mynodething/templates/release.yaml
Created Release mynodething-1-1-3 resource in namespace jx
Updating PipelineActivity jstrachan-mynodething-master-8 with version 1.1.3
Updated PipelineActivities jstrachan-mynodething-master-8 with release notes URL: https://github.com/jstrachan/mynodething/releases/tag/v1.1.3
Step: build-step-step10:

No $CHART_REPOSITORY defined so using the default value of: http://jenkins-x-chartmuseum:8080
Adding missing Helm repo: jenkins-x http://chartmuseum.jenkins-x.io
Successfully added Helm repository jenkins-x.
Adding missing Helm repo: releases http://jenkins-x-chartmuseum:8080
Successfully added Helm repository releases.
No $CHART_REPOSITORY defined so using the default value of: http://jenkins-x-chartmuseum:8080
Uploading chart file mynodething-1.1.3.tgz to http://jenkins-x-chartmuseum:8080/api/charts
Received 201 response: {"saved":true}
Step: build-step-step11:

prow based install so skip waiting for the merge of Pull Requests to go green as currently there is an issue with gettingstatuses from the PR, see https://github.com/jenkins-x/jx/issues/2410
Promoting app mynodething version 1.1.3 to namespace jx-staging
Created Pull Request: https://github.com/jstrachan/environment-bdd-prow-gke-42-staging/pull/3

Pull Request https://github.com/jstrachan/environment-bdd-prow-gke-42-staging/pull/3 is merged at sha c38d3ef2de5f79d18db814dd01660ec557f5c388
Pull Request merged but we are not waiting for the update pipeline to complete!
Could not find the service URL in namespace jx-staging for names mynodething, jx-mynodething, jx-staging-mynodething
